<?xml version="1.0" encoding="UTF-8"?>
<!-- Generated by org.testng.reporters.JUnitReportReporter -->
<testsuite hostname="Sunny-PC" name="com.qa.hubspot.test.ContactListTest" tests="4" failures="0" timestamp="28 Apr 2020 00:50:15 GMT" time="106.440" errors="0">
  <testcase name="formtest" time="31.567" classname="com.qa.hubspot.test.ContactListTest"/>
  <testcase name="formtest" time="23.105" classname="com.qa.hubspot.test.ContactListTest"/>
  <testcase name="formtest" time="29.631" classname="com.qa.hubspot.test.ContactListTest"/>
  <testcase name="formtest" time="22.137" classname="com.qa.hubspot.test.ContactListTest"/>
</testsuite> <!-- com.qa.hubspot.test.ContactListTest -->
