<?xml version="1.0" encoding="UTF-8"?>
<!-- Generated by org.testng.reporters.JUnitReportReporter -->
<testsuite hostname="Sunny-PC" name="com.qa.hubspot.test.LoginPageTest" tests="3" failures="0" timestamp="30 Apr 2020 01:26:14 GMT" time="15.349" errors="0">
  <testcase name="VerifyLoginPagetest" time="0.430" classname="com.qa.hubspot.test.LoginPageTest"/>
  <testcase name="Signuplink" time="1.367" classname="com.qa.hubspot.test.LoginPageTest"/>
  <testcase name="logintest" time="13.552" classname="com.qa.hubspot.test.LoginPageTest"/>
</testsuite> <!-- com.qa.hubspot.test.LoginPageTest -->
